<?xml version="1.0" encoding="UTF-8"?>
<testsuite xmlns:xsi="http://www.w3.org/2001/XMLSchema-instance" xsi:schemaLocation="https://maven.apache.org/surefire/maven-surefire-plugin/xsd/surefire-test-report.xsd" name="com.arangodb.springframework.core.mapping.ArangoMappingTest" time="5.651" tests="21" errors="0" skipped="0" failures="0">
  <properties>
[...]
</properties>
  <testcase name="constructorWithParam" classname="com.arangodb.springframework.core.mapping.ArangoMappingTest" time="0.233"/>
  <testcase name="singleRef" classname="com.arangodb.springframework.core.mapping.ArangoMappingTest" time="0.264"/>
  <testcase name="documentFrom" classname="com.arangodb.springframework.core.mapping.ArangoMappingTest" time="0.313"/>
  <testcase name="multipleNestedMaps" classname="com.arangodb.springframework.core.mapping.ArangoMappingTest" time="0.238"/>
  <testcase name="multipleNestedDocuments" classname="com.arangodb.springframework.core.mapping.ArangoMappingTest" time="0.267"/>
  <testcase name="singleRefLazy" classname="com.arangodb.springframework.core.mapping.ArangoMappingTest" time="0.24"/>
  <testcase name="multipleNestedCollections" classname="com.arangodb.springframework.core.mapping.ArangoMappingTest" time="0.241"/>
  <testcase name="idKeyRev" classname="com.arangodb.springframework.core.mapping.ArangoMappingTest" time="0.262"/>
  <testcase name="documentTo" classname="com.arangodb.springframework.core.mapping.ArangoMappingTest" time="0.21"/>
  <testcase name="multiRefLazy" classname="com.arangodb.springframework.core.mapping.ArangoMappingTest" time="0.302"/>
  <testcase name="fieldNameAnnotation" classname="com.arangodb.springframework.core.mapping.ArangoMappingTest" time="0.243"/>
  <testcase name="relations" classname="com.arangodb.springframework.core.mapping.ArangoMappingTest" time="0.379"/>
  <testcase name="edgeFromToLazy" classname="com.arangodb.springframework.core.mapping.ArangoMappingTest" time="0.295"/>
  <testcase name="relationsLazy" classname="com.arangodb.springframework.core.mapping.ArangoMappingTest" time="0.261"/>
  <testcase name="multiRef" classname="com.arangodb.springframework.core.mapping.ArangoMappingTest" time="0.289"/>
  <testcase name="constructorWithMultipleParams" classname="com.arangodb.springframework.core.mapping.ArangoMappingTest" time="0.273"/>
  <testcase name="singleNestedDocument" classname="com.arangodb.springframework.core.mapping.ArangoMappingTest" time="0.201"/>
  <testcase name="documentFromLazy" classname="com.arangodb.springframework.core.mapping.ArangoMappingTest" time="0.312"/>
  <testcase name="documentToLazy" classname="com.arangodb.springframework.core.mapping.ArangoMappingTest" time="0.256"/>
  <testcase name="edgeFromTo" classname="com.arangodb.springframework.core.mapping.ArangoMappingTest" time="0.286"/>
  <testcase name="singleNestedMap" classname="com.arangodb.springframework.core.mapping.ArangoMappingTest" time="0.274"/>
</testsuite>