<?xml version="1.0" encoding="UTF-8"?>
<testsuite xmlns:xsi="http://www.w3.org/2001/XMLSchema-instance" xsi:schemaLocation="https://maven.apache.org/surefire/maven-surefire-plugin/xsd/surefire-test-report.xsd" name="com.arangodb.springframework.core.repository.query.ArangoAqlQueryTest" time="3.885" tests="15" errors="0" skipped="0" failures="0">
  <properties>
[...]
</properties>
  <testcase name="findOneByNameWithDuplicateOptionsAqlTest" classname="com.arangodb.springframework.core.repository.query.ArangoAqlQueryTest" time="0.245"/>
  <testcase name="findOneByIdAqlWithNamedParameterTest" classname="com.arangodb.springframework.core.repository.query.ArangoAqlQueryTest" time="0.219"/>
  <testcase name="findOneByIdAqlParamNameClashTest" classname="com.arangodb.springframework.core.repository.query.ArangoAqlQueryTest" time="0.27"/>
  <testcase name="findOneByComplementingNameAndBindVarsAqlTest" classname="com.arangodb.springframework.core.repository.query.ArangoAqlQueryTest" time="0.25"/>
  <testcase name="findOneByIdInIncorrectNamedCollectionAqlTest" classname="com.arangodb.springframework.core.repository.query.ArangoAqlQueryTest" time="0.242"/>
  <testcase name="findOneByBindVarsAndClashingParametersAqlTest" classname="com.arangodb.springframework.core.repository.query.ArangoAqlQueryTest" time="0.268"/>
  <testcase name="findOneByIdInNamedCollectionAqlTest" classname="com.arangodb.springframework.core.repository.query.ArangoAqlQueryTest" time="0.391"/>
  <testcase name="findOneByIdInCollectionAqlTest" classname="com.arangodb.springframework.core.repository.query.ArangoAqlQueryTest" time="0.271"/>
  <testcase name="findOneByOverridingNameAndBindVarsAqlTest" classname="com.arangodb.springframework.core.repository.query.ArangoAqlQueryTest" time="0.269"/>
  <testcase name="findOneByIdAqlPotentialNameClashTest" classname="com.arangodb.springframework.core.repository.query.ArangoAqlQueryTest" time="0.224"/>
  <testcase name="findOneByBindVarsAqlTest" classname="com.arangodb.springframework.core.repository.query.ArangoAqlQueryTest" time="0.295"/>
  <testcase name="findOneByIdInNamedCollectionAqlRejectedTest" classname="com.arangodb.springframework.core.repository.query.ArangoAqlQueryTest" time="0.216"/>
  <testcase name="findOneByBindVarsOfIllegalTypeAqlTest" classname="com.arangodb.springframework.core.repository.query.ArangoAqlQueryTest" time="0.254"/>
  <testcase name="findOneByIdAndNameAqlTest" classname="com.arangodb.springframework.core.repository.query.ArangoAqlQueryTest" time="0.254"/>
  <testcase name="findOneByIdAndNameWithBindVarsAqlTest" classname="com.arangodb.springframework.core.repository.query.ArangoAqlQueryTest" time="0.203"/>
</testsuite>